SQL> set echo on
SQL> set feedback on
SQL> set linesize 100
SQL> set pagesize 200
SQL> set serveroutput on
SQL> /* ===============================================================
SQL>  * Implementation task 2
SQL>  * Name: Shaik Dawood Shameem Ahamed
SQL>  * Student number: 7364283
SQL>  * Date: 10 May 2023
SQL>  * =============================================================*/
SQL> --
SQL> create index ordersIdx on orders(o_custkey, o_clerk, o_orderdate);

Index created.

SQL> -- Your solution here......
SQL> --
SQL> -- Vertical traversal of the B*-tree index and access the
SQL> -- relational table
SQL> -- Your solution here.....
SQL> --
SQL> explain plan for
  2  select o_custkey, o_clerk, o_orderdate, o_orderstatus
  3  from orders
  4  where o_custkey = 'null'
  5  and o_clerk = 'null'
  6  and o_orderdate = 'null';

Explained.

SQL> --
SQL> -- Show the execution plan
SQL> select * from table(dbms_xplan.display);

PLAN_TABLE_OUTPUT                                                                                   
----------------------------------------------------------------------------------------------------
Plan hash value: 3083375455                                                                         
                                                                                                    
-------------------------------------------------------------------------------------------------   
| Id  | Operation                           | Name      | Rows  | Bytes | Cost (%CPU)| Time     |   
-------------------------------------------------------------------------------------------------   
|   0 | SELECT STATEMENT                    |           |     1 |    42 |     4   (0)| 00:00:01 |   
|   1 |  TABLE ACCESS BY INDEX ROWID BATCHED| ORDERS    |     1 |    42 |     4   (0)| 00:00:01 |   
|*  2 |   INDEX RANGE SCAN                  | ORDERSIDX |     1 |       |     3   (0)| 00:00:01 |   
-------------------------------------------------------------------------------------------------   
                                                                                                    
Predicate Information (identified by operation id):                                                 
---------------------------------------------------                                                 
                                                                                                    
   2 - access("O_CUSTKEY"=TO_NUMBER('null') AND "O_CLERK"='null' AND                                
              "O_ORDERDATE"='null')                                                                 

15 rows selected.

SQL> --
SQL> --
SQL> -- Vertical traversal of the B*-tree index and
SQL> -- do not access the relational table
SQL> --
SQL> explain plan for
  2  select o_custkey, o_clerk, o_orderdate, o_orderstatus
  3  from orders
  4  where o_custkey = 'null'
  5  and o_clerk = 'null'
  6  and o_orderdate = 'null';

Explained.

SQL> --
SQL> -- Show the execution plan
SQL> select * from table(dbms_xplan.display);

PLAN_TABLE_OUTPUT                                                                                   
----------------------------------------------------------------------------------------------------
Plan hash value: 3083375455                                                                         
                                                                                                    
-------------------------------------------------------------------------------------------------   
| Id  | Operation                           | Name      | Rows  | Bytes | Cost (%CPU)| Time     |   
-------------------------------------------------------------------------------------------------   
|   0 | SELECT STATEMENT                    |           |     1 |    42 |     4   (0)| 00:00:01 |   
|   1 |  TABLE ACCESS BY INDEX ROWID BATCHED| ORDERS    |     1 |    42 |     4   (0)| 00:00:01 |   
|*  2 |   INDEX RANGE SCAN                  | ORDERSIDX |     1 |       |     3   (0)| 00:00:01 |   
-------------------------------------------------------------------------------------------------   
                                                                                                    
Predicate Information (identified by operation id):                                                 
---------------------------------------------------                                                 
                                                                                                    
   2 - access("O_CUSTKEY"=TO_NUMBER('null') AND "O_CLERK"='null' AND                                
              "O_ORDERDATE"='null')                                                                 

15 rows selected.

SQL> --
SQL> -- Vertical and Horizontal traversal of the B*-tree index and access
SQL> -- the relational table
SQL> --
SQL> explain plan for
  2  select o_custkey, o_clerk, o_orderdate, o_orderstatus
  3  from orders
  4  where o_custkey > 100
  5  and o_clerk = 'null'
  6  and o_orderdate = 'null';

Explained.

SQL> --
SQL> -- Show the execution plan
SQL> select * from table(dbms_xplan.display);

PLAN_TABLE_OUTPUT                                                                                   
----------------------------------------------------------------------------------------------------
Plan hash value: 3083375455                                                                         
                                                                                                    
-------------------------------------------------------------------------------------------------   
| Id  | Operation                           | Name      | Rows  | Bytes | Cost (%CPU)| Time     |   
-------------------------------------------------------------------------------------------------   
|   0 | SELECT STATEMENT                    |           |     2 |    84 |  2562   (1)| 00:00:01 |   
|   1 |  TABLE ACCESS BY INDEX ROWID BATCHED| ORDERS    |     2 |    84 |  2562   (1)| 00:00:01 |   
|*  2 |   INDEX RANGE SCAN                  | ORDERSIDX |     8 |       |  2554   (1)| 00:00:01 |   
-------------------------------------------------------------------------------------------------   
                                                                                                    
Predicate Information (identified by operation id):                                                 
---------------------------------------------------                                                 
                                                                                                    
   2 - access("O_CUSTKEY">100 AND "O_CLERK"='null' AND "O_ORDERDATE"='null')                        
       filter("O_CLERK"='null' AND "O_ORDERDATE"='null')                                            
                                                                                                    
Note                                                                                                
-----                                                                                               
   - dynamic statistics used: dynamic sampling (level=2)                                            

19 rows selected.

SQL> --
SQL> -- Vertical and Horizontal traversal of the B*-tree index and do not access
SQL> -- the relational table
SQL> --
SQL> explain plan for
  2  select o_custkey, o_clerk, o_orderdate
  3  from orders
  4  where o_custkey > 100
  5  and o_clerk = 'null'
  6  and o_orderdate = 'null';

Explained.

SQL> --
SQL> -- Show the execution plan
SQL> select * from table(dbms_xplan.display);

PLAN_TABLE_OUTPUT                                                                                   
----------------------------------------------------------------------------------------------------
Plan hash value: 1278264193                                                                         
                                                                                                    
----------------------------------------------------------------------------------                  
| Id  | Operation            | Name      | Rows  | Bytes | Cost (%CPU)| Time     |                  
----------------------------------------------------------------------------------                  
|   0 | SELECT STATEMENT     |           |     2 |    78 |   963   (1)| 00:00:01 |                  
|*  1 |  INDEX FAST FULL SCAN| ORDERSIDX |     2 |    78 |   963   (1)| 00:00:01 |                  
----------------------------------------------------------------------------------                  
                                                                                                    
Predicate Information (identified by operation id):                                                 
---------------------------------------------------                                                 
                                                                                                    
   1 - filter("O_CUSTKEY">100 AND "O_CLERK"='null' AND                                              
              "O_ORDERDATE"='null')                                                                 
                                                                                                    
Note                                                                                                
-----                                                                                               
   - dynamic statistics used: dynamic sampling (level=2)                                            

18 rows selected.

SQL> --
SQL> -- Horizontal traversal of the B*-tree index  and must access the relational table
SQL> --
SQL> explain plan for
  2  select o_custkey, o_clerk, o_orderdate, o_orderstatus
  3  from orders;

Explained.

SQL> --
SQL> -- Show the execution plan
SQL> select * from table(dbms_xplan.display);

PLAN_TABLE_OUTPUT                                                                                   
----------------------------------------------------------------------------------------------------
Plan hash value: 1275100350                                                                         
                                                                                                    
----------------------------------------------------------------------------                        
| Id  | Operation         | Name   | Rows  | Bytes | Cost (%CPU)| Time     |                        
----------------------------------------------------------------------------                        
|   0 | SELECT STATEMENT  |        |   474K|    19M|  2697   (1)| 00:00:01 |                        
|   1 |  TABLE ACCESS FULL| ORDERS |   474K|    19M|  2697   (1)| 00:00:01 |                        
----------------------------------------------------------------------------                        
                                                                                                    
Note                                                                                                
-----                                                                                               
   - dynamic statistics used: dynamic sampling (level=2)                                            

12 rows selected.

SQL> --
SQL> -- Horizontal traversal of the B*-tree index  and must not access the relational table
SQL> --
SQL> explain plan for
  2  select o_custkey, o_clerk, o_orderdate
  3  from orders;

Explained.

SQL> --
SQL> -- Show the execution plan
SQL> select * from table(dbms_xplan.display);

PLAN_TABLE_OUTPUT                                                                                   
----------------------------------------------------------------------------------------------------
Plan hash value: 1278264193                                                                         
                                                                                                    
----------------------------------------------------------------------------------                  
| Id  | Operation            | Name      | Rows  | Bytes | Cost (%CPU)| Time     |                  
----------------------------------------------------------------------------------                  
|   0 | SELECT STATEMENT     |           |   474K|    17M|   962   (1)| 00:00:01 |                  
|   1 |  INDEX FAST FULL SCAN| ORDERSIDX |   474K|    17M|   962   (1)| 00:00:01 |                  
----------------------------------------------------------------------------------                  
                                                                                                    
Note                                                                                                
-----                                                                                               
   - dynamic statistics used: dynamic sampling (level=2)                                            

12 rows selected.

SQL> --
SQL> drop index ordersIdx;

Index dropped.

SQL> spool off;
